<?xml version="1.0" encoding="UTF-8"?>
<testsuite name="com.king.backend.UtilityTest" tests="1" skipped="0" failures="0" errors="0" timestamp="2024-12-11T14:03:14" hostname="Bharaths-MacBook-Air.local" time="0.001">
  <properties/>
  <testcase name="testIsValidISODate()" classname="com.king.backend.UtilityTest" time="0.001"/>
  <system-out><![CDATA[]]></system-out>
  <system-err><![CDATA[]]></system-err>
</testsuite>
