<?xml version="1.0" encoding="UTF-8"?>
<testsuite name="com.king.backend.DataControllerTest" tests="5" skipped="0" failures="0" errors="0" timestamp="2024-12-11T14:03:13" hostname="Bharaths-MacBook-Air.local" time="1.063">
  <properties/>
  <testcase name="testGetDataWithStatusFilter()" classname="com.king.backend.DataControllerTest" time="0.956"/>
  <testcase name="testGetDataSortByCreatedOnDescending()" classname="com.king.backend.DataControllerTest" time="0.045"/>
  <testcase name="testGetDataWithPagination()" classname="com.king.backend.DataControllerTest" time="0.021"/>
  <testcase name="testGetDataWithoutFilters()" classname="com.king.backend.DataControllerTest" time="0.021"/>
  <testcase name="testGetDataWithNameFilter()" classname="com.king.backend.DataControllerTest" time="0.016"/>
  <system-out><![CDATA[15:03:12.404 [Test worker] INFO org.springframework.test.context.support.AnnotationConfigContextLoaderUtils -- Could not detect default configuration classes for test class [com.king.backend.DataControllerTest]: DataControllerTest does not declare any static, non-private, non-final, nested classes annotated with @Configuration.
15:03:12.464 [Test worker] INFO org.springframework.boot.test.context.SpringBootTestContextBootstrapper -- Found @SpringBootConfiguration com.king.backend.BackendApplication for test class com.king.backend.DataControllerTest

  .   ____          _            __ _ _
 /\\ / ___'_ __ _ _(_)_ __  __ _ \ \ \ \
( ( )\___ | '_ | '_| | '_ \/ _` | \ \ \ \
 \\/  ___)| |_)| | | | | || (_| |  ) ) ) )
  '  |____| .__|_| |_|_| |_\__, | / / / /
 =========|_|==============|___/=/_/_/_/

 :: Spring Boot ::                (v3.4.0)

2024-12-11T15:03:12.680+01:00  INFO 41890 --- [backend] [    Test worker] com.king.backend.DataControllerTest      : Starting DataControllerTest using Java 21.0.5 with PID 41890 (started by bharathmanda in /Users/bharathmanda/Downloads/King_data_viewer/backend)
2024-12-11T15:03:12.681+01:00  INFO 41890 --- [backend] [    Test worker] com.king.backend.DataControllerTest      : No active profile set, falling back to 1 default profile: "default"
2024-12-11T15:03:13.332+01:00  INFO 41890 --- [backend] [    Test worker] o.s.b.t.m.w.SpringBootMockServletContext : Initializing Spring TestDispatcherServlet ''
2024-12-11T15:03:13.333+01:00  INFO 41890 --- [backend] [    Test worker] o.s.t.web.servlet.TestDispatcherServlet  : Initializing Servlet ''
2024-12-11T15:03:13.333+01:00  INFO 41890 --- [backend] [    Test worker] o.s.t.web.servlet.TestDispatcherServlet  : Completed initialization in 0 ms
2024-12-11T15:03:13.349+01:00  INFO 41890 --- [backend] [    Test worker] com.king.backend.DataControllerTest      : Started DataControllerTest in 0.815 seconds (process running for 1.448)
]]></system-out>
  <system-err><![CDATA[Mockito is currently self-attaching to enable the inline-mock-maker. This will no longer work in future releases of the JDK. Please add Mockito as an agent to your build what is described in Mockito's documentation: https://javadoc.io/doc/org.mockito/mockito-core/latest/org/mockito/Mockito.html#0.3
WARNING: A Java agent has been loaded dynamically (/Users/bharathmanda/.gradle/caches/modules-2/files-2.1/net.bytebuddy/byte-buddy-agent/1.15.10/e8eb255b2c378b9a6c7341e7b0e12f0a5636377/byte-buddy-agent-1.15.10.jar)
WARNING: If a serviceability tool is in use, please run with -XX:+EnableDynamicAgentLoading to hide this warning
WARNING: If a serviceability tool is not in use, please run with -Djdk.instrument.traceUsage for more information
WARNING: Dynamic loading of agents will be disallowed by default in a future release
]]></system-err>
</testsuite>
